
Testing /home/charlysama/NetBeansProjects/etitulos...

Tested 134 dependencies for known issues, found 18 issues, 18 vulnerable paths.


Issues to fix by upgrading:

  Upgrade org.apache.cxf:cxf-spring-boot-starter-jaxws@3.2.7 to org.apache.cxf:cxf-spring-boot-starter-jaxws@3.2.11 to fix
  ✗ Denial of Service (DoS) [Medium Severity][https://snyk.io/vuln/SNYK-JAVA-ORGAPACHECXF-480439] in org.apache.cxf:cxf-core@3.2.7
    introduced by org.apache.cxf:cxf-spring-boot-starter-jaxws@3.2.7 > org.apache.cxf:cxf-rt-transports-http@3.2.7 > org.apache.cxf:cxf-core@3.2.7

  Upgrade org.apache.poi:poi@3.15 to org.apache.poi:poi@3.17 to fix
  ✗ Denial of Service (DoS) [Medium Severity][https://snyk.io/vuln/SNYK-JAVA-ORGAPACHEPOI-30698] in org.apache.poi:poi@3.15
  ✗ Denial of Service (DoS) [High Severity][https://snyk.io/vuln/SNYK-JAVA-ORGAPACHEPOI-32049] in org.apache.poi:poi@3.15

  Upgrade org.apache.poi:poi-ooxml@3.15 to org.apache.poi:poi-ooxml@4.1.0 to fix
  ✗ XML External Entity (XXE) Injection [Medium Severity][https://snyk.io/vuln/SNYK-JAVA-ORGAPACHEPOI-548686] in org.apache.poi:poi-ooxml@3.15


Issues with no direct upgrade or patch:
  ✗ Security Bypass [Medium Severity][https://snyk.io/vuln/SNYK-JAVA-CAJULIUSDAVIES-30073] in ca.juliusdavies:not-yet-commons-ssl@0.3.9
  No upgrade or patch available
  ✗ Improper Certificate Validation [Medium Severity][https://snyk.io/vuln/SNYK-JAVA-COMMONSHTTPCLIENT-30083] in commons-httpclient:commons-httpclient@3.0
    introduced by ca.juliusdavies:not-yet-commons-ssl@0.3.9 > commons-httpclient:commons-httpclient@3.0
  No upgrade or patch available
  ✗ Man-in-the-Middle (MitM) [Medium Severity][https://snyk.io/vuln/SNYK-JAVA-COMMONSHTTPCLIENT-31660] in commons-httpclient:commons-httpclient@3.0
    introduced by ca.juliusdavies:not-yet-commons-ssl@0.3.9 > commons-httpclient:commons-httpclient@3.0
  No upgrade or patch available
  ✗ HTML Injection [High Severity][https://snyk.io/vuln/SNYK-JAVA-NETSFJASPERREPORTS-570052] in net.sf.jasperreports:jasperreports@6.12.2
  No upgrade or patch available
  ✗ Privilege Escalation [High Severity][https://snyk.io/vuln/SNYK-JAVA-NETSFJASPERREPORTS-570053] in net.sf.jasperreports:jasperreports@6.12.2
  No upgrade or patch available
  ✗ Cross-site Scripting (XSS) [Medium Severity][https://snyk.io/vuln/SNYK-JAVA-ORGAPACHECXF-542666] in org.apache.cxf:cxf-rt-transports-http@3.2.7
    introduced by org.apache.cxf:cxf-spring-boot-starter-jaxws@3.2.7 > org.apache.cxf:cxf-rt-transports-http@3.2.7
  This issue was fixed in versions: 3.2.12, 3.3.5
  ✗ Remote Code Execution (RCE) [High Severity][https://snyk.io/vuln/SNYK-JAVA-ORGAPACHETOMCATEMBED-570072] in org.apache.tomcat.embed:tomcat-embed-core@9.0.31
    introduced by org.springframework.boot:spring-boot-starter-web@2.2.5.RELEASE > org.springframework.boot:spring-boot-starter-tomcat@2.2.5.RELEASE > org.apache.tomcat.embed:tomcat-embed-core@9.0.31
  This issue was fixed in versions: 10.0.0-M5, 9.0.35, 8.5.55, 7.0.104
  ✗ XML External Entity (XXE) Injection [High Severity][https://snyk.io/vuln/SNYK-JAVA-ORGDOM4J-565810] in org.dom4j:dom4j@2.1.1
    introduced by org.springframework.boot:spring-boot-starter-data-jpa@2.2.5.RELEASE > org.hibernate:hibernate-core@5.4.12.Final > org.dom4j:dom4j@2.1.1
  This issue was fixed in versions: 2.1.3, 2.0.3
  ✗ Improper Input Validation [Medium Severity][https://snyk.io/vuln/SNYK-JAVA-ORGHIBERNATEVALIDATOR-568163] in org.hibernate.validator:hibernate-validator@6.0.18.Final
    introduced by org.springframework.boot:spring-boot-starter-web@2.2.5.RELEASE > org.springframework.boot:spring-boot-starter-validation@2.2.5.RELEASE > org.hibernate.validator:hibernate-validator@6.0.18.Final
  This issue was fixed in versions: 6.0.19.Final, 6.1.3.Final
  ✗ Cryptographic Weakness [Medium Severity][https://snyk.io/vuln/SNYK-JAVA-ORGSPRINGFRAMEWORKSECURITY-570204] in org.springframework.security:spring-security-core@5.2.2.RELEASE
    introduced by org.springframework.boot:spring-boot-starter-security@2.2.5.RELEASE > org.springframework.security:spring-security-config@5.2.2.RELEASE > org.springframework.security:spring-security-core@5.2.2.RELEASE
  This issue was fixed in versions: 5.3.2.RELEASE, 5.2.4.RELEASE, 5.1.10.RELEASE, 5.0.16.RELEASE, 4.2.16.RELEASE
  ✗ Prototype Pollution [Medium Severity][https://snyk.io/vuln/SNYK-JAVA-ORGWEBJARS-479774] in org.webjars:jquery@3.0.0
    introduced by org.webjars:bootstrap@4.4.1 > org.webjars:jquery@3.0.0
  This issue was fixed in versions: 3.4.0
  ✗ Cross-site Scripting (XSS) [Medium Severity][https://snyk.io/vuln/SNYK-JAVA-ORGWEBJARS-565171] in org.webjars:jquery@3.0.0
    introduced by org.webjars:bootstrap@4.4.1 > org.webjars:jquery@3.0.0
  This issue was fixed in versions: 3.5.0
  ✗ Cross-site Scripting (XSS) [Medium Severity][https://snyk.io/vuln/SNYK-JAVA-ORGWEBJARS-567882] in org.webjars:jquery@3.0.0
    introduced by org.webjars:bootstrap@4.4.1 > org.webjars:jquery@3.0.0
  This issue was fixed in versions: 3.5.0
  ✗ Denial of Service (DoS) [Medium Severity][https://snyk.io/vuln/SNYK-JAVA-ORGYAML-537645] in org.yaml:snakeyaml@1.25
    introduced by org.springframework.boot:spring-boot-starter-thymeleaf@2.2.5.RELEASE > org.springframework.boot:spring-boot-starter@2.2.5.RELEASE > org.yaml:snakeyaml@1.25
  This issue was fixed in versions: 1.26



Organization:      crojociatej
Package manager:   maven
Target file:       pom.xml
Project name:      mx.ciatej:titulos
Open source:       no
Project path:      /home/charlysama/NetBeansProjects/etitulos
Licenses:          enabled

